[debug] [2025-04-27T23:23:35.229Z] ----------------------------------------------------------------------
[debug] [2025-04-27T23:23:35.234Z] Command:       /home/alex/.nvm/versions/node/v20.17.0/bin/node /home/alex/.nvm/versions/node/v20.17.0/bin/firebase login
[debug] [2025-04-27T23:23:35.235Z] CLI Version:   14.2.1
[debug] [2025-04-27T23:23:35.236Z] Platform:      linux
[debug] [2025-04-27T23:23:35.236Z] Node Version:  v20.17.0
[debug] [2025-04-27T23:23:35.236Z] Time:          Sun Apr 27 2025 19:23:35 GMT-0400 (Bolivia Time)
[debug] [2025-04-27T23:23:35.237Z] ----------------------------------------------------------------------
[debug] 
[debug] [2025-04-27T23:23:35.240Z] >>> [apiv2][query] GET https://firebase-public.firebaseio.com/cli.json [none]
[info] i  Firebase optionally collects CLI and Emulator Suite usage and error reporting information to help improve our products. Data is collected in accordance with Google's privacy policy (https://policies.google.com/privacy) and is not used to identify you.
 
[debug] [2025-04-27T23:23:36.172Z] <<< [apiv2][status] GET https://firebase-public.firebaseio.com/cli.json 200
[debug] [2025-04-27T23:23:36.173Z] <<< [apiv2][body] GET https://firebase-public.firebaseio.com/cli.json {"cloudBuildErrorAfter":1594252800000,"cloudBuildWarnAfter":1590019200000,"defaultNode10After":1594252800000,"minVersion":"3.0.5","node8DeploysDisabledAfter":1613390400000,"node8RuntimeDisabledAfter":1615809600000,"node8WarnAfter":1600128000000}
[info] i  To change your data collection preference at any time, run `firebase logout` and log in again. 
[info] 
[info] Visit this URL on this device to log in:
[info] https://accounts.google.com/o/oauth2/auth?client_id=563584335869-fgrhgmd47bqnekij5i8b5pr03ho849e6.apps.googleusercontent.com&scope=email%20openid%20https%3A%2F%2Fwww.googleapis.com%2Fauth%2Fcloudplatformprojects.readonly%20https%3A%2F%2Fwww.googleapis.com%2Fauth%2Ffirebase%20https%3A%2F%2Fwww.googleapis.com%2Fauth%2Fcloud-platform&response_type=code&state=128398245&redirect_uri=http%3A%2F%2Flocalhost%3A9005
[info] 
[info] Waiting for authentication...
[debug] [2025-04-27T23:23:45.314Z] >>> [apiv2][query] POST https://auth.firebase.tools/attest [none]
[debug] [2025-04-27T23:23:45.315Z] >>> [apiv2][body] POST https://auth.firebase.tools/attest {"session_id":"bec82d07-aaa7-483c-bea0-9a1dbe56a1b8"}
[debug] [2025-04-27T23:23:48.720Z] <<< [apiv2][status] POST https://auth.firebase.tools/attest 200
[debug] [2025-04-27T23:23:48.721Z] <<< [apiv2][body] POST https://auth.firebase.tools/attest {"token":"WNLphckGu8pSg7Hdl_urgAROz19vCiCu1XqWjWdzKcE"}
[info] 
[info] To sign in to the Firebase CLI:
[info] 
[info] 1. Take note of your session ID:
[info] 
[info]    BEC82
[info] 
[info] 2. Visit the URL below on any device and follow the instructions to get your code:
[info] 
[info]    https://auth.firebase.tools/login?code_challenge=noLgDk0ulQ2XwfHCpKIm3W2qzGxK7h1yrtUjLp_Z8Ao&session=bec82d07-aaa7-483c-bea0-9a1dbe56a1b8&attest=WNLphckGu8pSg7Hdl_urgAROz19vCiCu1XqWjWdzKcE
[info] 
[info] 3. Paste or enter the authorization code below once you have it:
[info] 
